mode: set
github.com/danwhitford/toyrobot/toyrobot/builtins.go:10.27,44.2 26 1
github.com/danwhitford/toyrobot/toyrobot/builtins.go:46.29,48.16 2 1
github.com/danwhitford/toyrobot/toyrobot/builtins.go:48.16,50.3 1 0
github.com/danwhitford/toyrobot/toyrobot/builtins.go:51.2,52.16 2 1
github.com/danwhitford/toyrobot/toyrobot/builtins.go:52.16,54.3 1 0
github.com/danwhitford/toyrobot/toyrobot/builtins.go:55.2,56.16 2 1
github.com/danwhitford/toyrobot/toyrobot/builtins.go:56.16,58.3 1 0
github.com/danwhitford/toyrobot/toyrobot/builtins.go:59.2,62.12 4 1
github.com/danwhitford/toyrobot/toyrobot/builtins.go:65.30,67.16 2 1
github.com/danwhitford/toyrobot/toyrobot/builtins.go:67.16,69.3 1 0
github.com/danwhitford/toyrobot/toyrobot/builtins.go:70.2,71.16 2 1
github.com/danwhitford/toyrobot/toyrobot/builtins.go:71.16,73.3 1 0
github.com/danwhitford/toyrobot/toyrobot/builtins.go:74.2,77.12 4 1
github.com/danwhitford/toyrobot/toyrobot/builtins.go:80.30,82.16 2 1
github.com/danwhitford/toyrobot/toyrobot/builtins.go:82.16,84.3 1 0
github.com/danwhitford/toyrobot/toyrobot/builtins.go:85.2,86.16 2 1
github.com/danwhitford/toyrobot/toyrobot/builtins.go:86.16,88.3 1 0
github.com/danwhitford/toyrobot/toyrobot/builtins.go:89.2,91.12 3 1
github.com/danwhitford/toyrobot/toyrobot/builtins.go:94.29,96.16 2 1
github.com/danwhitford/toyrobot/toyrobot/builtins.go:96.16,98.3 1 0
github.com/danwhitford/toyrobot/toyrobot/builtins.go:99.2,101.12 3 1
github.com/danwhitford/toyrobot/toyrobot/builtins.go:104.30,107.2 2 1
github.com/danwhitford/toyrobot/toyrobot/builtins.go:109.31,112.2 2 1
github.com/danwhitford/toyrobot/toyrobot/builtins.go:114.28,117.2 2 1
github.com/danwhitford/toyrobot/toyrobot/builtins.go:119.27,120.34 1 1
github.com/danwhitford/toyrobot/toyrobot/builtins.go:120.34,122.3 1 0
github.com/danwhitford/toyrobot/toyrobot/builtins.go:124.2,124.40 1 1
github.com/danwhitford/toyrobot/toyrobot/builtins.go:124.40,126.3 1 1
github.com/danwhitford/toyrobot/toyrobot/builtins.go:127.2,127.12 1 1
github.com/danwhitford/toyrobot/toyrobot/builtins.go:130.29,132.16 2 1
github.com/danwhitford/toyrobot/toyrobot/builtins.go:132.16,134.3 1 0
github.com/danwhitford/toyrobot/toyrobot/builtins.go:135.2,136.12 2 1
github.com/danwhitford/toyrobot/toyrobot/builtins.go:139.36,142.26 3 1
github.com/danwhitford/toyrobot/toyrobot/builtins.go:142.26,144.20 2 1
github.com/danwhitford/toyrobot/toyrobot/builtins.go:144.20,146.4 1 1
github.com/danwhitford/toyrobot/toyrobot/builtins.go:147.3,147.27 1 1
github.com/danwhitford/toyrobot/toyrobot/builtins.go:147.27,148.15 1 1
github.com/danwhitford/toyrobot/toyrobot/builtins.go:149.15,150.17 1 1
github.com/danwhitford/toyrobot/toyrobot/builtins.go:151.14,152.17 1 1
github.com/danwhitford/toyrobot/toyrobot/builtins.go:153.15,154.17 1 1
github.com/danwhitford/toyrobot/toyrobot/builtins.go:155.14,156.17 1 1
github.com/danwhitford/toyrobot/toyrobot/builtins.go:159.3,160.36 2 1
github.com/danwhitford/toyrobot/toyrobot/builtins.go:162.2,163.12 2 1
github.com/danwhitford/toyrobot/toyrobot/builtins.go:166.31,168.16 2 1
github.com/danwhitford/toyrobot/toyrobot/builtins.go:168.16,170.3 1 0
github.com/danwhitford/toyrobot/toyrobot/builtins.go:171.2,172.16 2 1
github.com/danwhitford/toyrobot/toyrobot/builtins.go:172.16,174.3 1 0
github.com/danwhitford/toyrobot/toyrobot/builtins.go:175.2,176.16 2 1
github.com/danwhitford/toyrobot/toyrobot/builtins.go:176.16,178.3 1 0
github.com/danwhitford/toyrobot/toyrobot/builtins.go:180.2,181.9 2 1
github.com/danwhitford/toyrobot/toyrobot/builtins.go:181.9,183.3 1 0
github.com/danwhitford/toyrobot/toyrobot/builtins.go:184.2,185.9 2 1
github.com/danwhitford/toyrobot/toyrobot/builtins.go:185.9,187.3 1 0
github.com/danwhitford/toyrobot/toyrobot/builtins.go:188.2,189.9 2 1
github.com/danwhitford/toyrobot/toyrobot/builtins.go:189.9,191.3 1 0
github.com/danwhitford/toyrobot/toyrobot/builtins.go:193.2,193.38 1 1
github.com/danwhitford/toyrobot/toyrobot/builtins.go:193.38,195.3 1 1
github.com/danwhitford/toyrobot/toyrobot/builtins.go:196.2,196.27 1 1
github.com/danwhitford/toyrobot/toyrobot/builtins.go:196.27,198.3 1 0
github.com/danwhitford/toyrobot/toyrobot/builtins.go:200.2,204.12 5 1
github.com/danwhitford/toyrobot/toyrobot/builtins.go:207.30,208.15 1 1
github.com/danwhitford/toyrobot/toyrobot/builtins.go:208.15,210.3 1 0
github.com/danwhitford/toyrobot/toyrobot/builtins.go:212.2,212.13 1 1
github.com/danwhitford/toyrobot/toyrobot/builtins.go:213.13,214.14 1 1
github.com/danwhitford/toyrobot/toyrobot/builtins.go:214.14,216.4 1 1
github.com/danwhitford/toyrobot/toyrobot/builtins.go:217.12,218.14 1 1
github.com/danwhitford/toyrobot/toyrobot/builtins.go:218.14,220.4 1 1
github.com/danwhitford/toyrobot/toyrobot/builtins.go:221.13,222.14 1 1
github.com/danwhitford/toyrobot/toyrobot/builtins.go:222.14,224.4 1 1
github.com/danwhitford/toyrobot/toyrobot/builtins.go:225.12,226.14 1 1
github.com/danwhitford/toyrobot/toyrobot/builtins.go:226.14,228.4 1 1
github.com/danwhitford/toyrobot/toyrobot/builtins.go:230.2,230.12 1 1
github.com/danwhitford/toyrobot/toyrobot/builtins.go:234.30,235.15 1 1
github.com/danwhitford/toyrobot/toyrobot/builtins.go:235.15,237.3 1 0
github.com/danwhitford/toyrobot/toyrobot/builtins.go:238.2,238.13 1 1
github.com/danwhitford/toyrobot/toyrobot/builtins.go:239.13,240.13 1 1
github.com/danwhitford/toyrobot/toyrobot/builtins.go:241.12,242.14 1 1
github.com/danwhitford/toyrobot/toyrobot/builtins.go:243.13,244.13 1 1
github.com/danwhitford/toyrobot/toyrobot/builtins.go:245.12,246.14 1 1
github.com/danwhitford/toyrobot/toyrobot/builtins.go:248.2,248.12 1 1
github.com/danwhitford/toyrobot/toyrobot/builtins.go:252.31,253.15 1 1
github.com/danwhitford/toyrobot/toyrobot/builtins.go:253.15,255.3 1 0
github.com/danwhitford/toyrobot/toyrobot/builtins.go:256.2,256.13 1 1
github.com/danwhitford/toyrobot/toyrobot/builtins.go:257.13,258.13 1 1
github.com/danwhitford/toyrobot/toyrobot/builtins.go:259.12,260.14 1 1
github.com/danwhitford/toyrobot/toyrobot/builtins.go:261.13,262.13 1 1
github.com/danwhitford/toyrobot/toyrobot/builtins.go:263.12,264.14 1 1
github.com/danwhitford/toyrobot/toyrobot/builtins.go:266.2,266.12 1 1
github.com/danwhitford/toyrobot/toyrobot/builtins.go:270.32,271.15 1 1
github.com/danwhitford/toyrobot/toyrobot/builtins.go:271.15,274.3 2 1
github.com/danwhitford/toyrobot/toyrobot/builtins.go:275.2,276.12 2 1
github.com/danwhitford/toyrobot/toyrobot/compiler.go:21.64,25.25 3 1
github.com/danwhitford/toyrobot/toyrobot/compiler.go:25.25,27.17 2 1
github.com/danwhitford/toyrobot/toyrobot/compiler.go:27.17,29.4 1 0
github.com/danwhitford/toyrobot/toyrobot/compiler.go:30.3,30.21 1 1
github.com/danwhitford/toyrobot/toyrobot/compiler.go:31.21,37.5 1 1
github.com/danwhitford/toyrobot/toyrobot/compiler.go:38.24,44.5 1 1
github.com/danwhitford/toyrobot/toyrobot/compiler.go:45.19,47.11 2 1
github.com/danwhitford/toyrobot/toyrobot/compiler.go:47.11,49.5 1 0
github.com/danwhitford/toyrobot/toyrobot/compiler.go:50.4,58.5 3 1
github.com/danwhitford/toyrobot/toyrobot/compiler.go:59.19,61.11 2 0
github.com/danwhitford/toyrobot/toyrobot/compiler.go:61.11,63.5 1 0
github.com/danwhitford/toyrobot/toyrobot/compiler.go:64.4,65.15 2 0
github.com/danwhitford/toyrobot/toyrobot/compiler.go:65.15,67.5 1 0
github.com/danwhitford/toyrobot/toyrobot/compiler.go:69.4,74.5 1 0
github.com/danwhitford/toyrobot/toyrobot/compiler.go:75.11,76.61 1 0
github.com/danwhitford/toyrobot/toyrobot/compiler.go:80.2,80.26 1 1
github.com/danwhitford/toyrobot/toyrobot/direction_string.go:21.36,22.45 1 1
github.com/danwhitford/toyrobot/toyrobot/direction_string.go:22.45,24.3 1 0
github.com/danwhitford/toyrobot/toyrobot/direction_string.go:25.2,25.67 1 1
github.com/danwhitford/toyrobot/toyrobot/generated_builtins.go:5.29,7.16 2 1
github.com/danwhitford/toyrobot/toyrobot/generated_builtins.go:7.16,9.3 1 0
github.com/danwhitford/toyrobot/toyrobot/generated_builtins.go:10.2,11.16 2 1
github.com/danwhitford/toyrobot/toyrobot/generated_builtins.go:11.16,13.3 1 0
github.com/danwhitford/toyrobot/toyrobot/generated_builtins.go:14.2,14.22 1 1
github.com/danwhitford/toyrobot/toyrobot/generated_builtins.go:14.22,16.3 1 0
github.com/danwhitford/toyrobot/toyrobot/generated_builtins.go:17.2,17.16 1 1
github.com/danwhitford/toyrobot/toyrobot/generated_builtins.go:18.13,19.88 1 1
github.com/danwhitford/toyrobot/toyrobot/generated_builtins.go:20.10,21.40 1 0
github.com/danwhitford/toyrobot/toyrobot/generated_builtins.go:23.2,23.12 1 1
github.com/danwhitford/toyrobot/toyrobot/generated_builtins.go:26.29,28.16 2 1
github.com/danwhitford/toyrobot/toyrobot/generated_builtins.go:28.16,30.3 1 0
github.com/danwhitford/toyrobot/toyrobot/generated_builtins.go:31.2,32.16 2 1
github.com/danwhitford/toyrobot/toyrobot/generated_builtins.go:32.16,34.3 1 0
github.com/danwhitford/toyrobot/toyrobot/generated_builtins.go:35.2,35.22 1 1
github.com/danwhitford/toyrobot/toyrobot/generated_builtins.go:35.22,37.3 1 0
github.com/danwhitford/toyrobot/toyrobot/generated_builtins.go:38.2,38.16 1 1
github.com/danwhitford/toyrobot/toyrobot/generated_builtins.go:39.13,40.88 1 1
github.com/danwhitford/toyrobot/toyrobot/generated_builtins.go:41.10,42.40 1 0
github.com/danwhitford/toyrobot/toyrobot/generated_builtins.go:44.2,44.12 1 1
github.com/danwhitford/toyrobot/toyrobot/generated_builtins.go:47.29,49.16 2 1
github.com/danwhitford/toyrobot/toyrobot/generated_builtins.go:49.16,51.3 1 0
github.com/danwhitford/toyrobot/toyrobot/generated_builtins.go:52.2,53.16 2 1
github.com/danwhitford/toyrobot/toyrobot/generated_builtins.go:53.16,55.3 1 0
github.com/danwhitford/toyrobot/toyrobot/generated_builtins.go:56.2,56.22 1 1
github.com/danwhitford/toyrobot/toyrobot/generated_builtins.go:56.22,58.3 1 0
github.com/danwhitford/toyrobot/toyrobot/generated_builtins.go:59.2,59.16 1 1
github.com/danwhitford/toyrobot/toyrobot/generated_builtins.go:60.13,61.88 1 1
github.com/danwhitford/toyrobot/toyrobot/generated_builtins.go:62.10,63.40 1 0
github.com/danwhitford/toyrobot/toyrobot/generated_builtins.go:65.2,65.12 1 1
github.com/danwhitford/toyrobot/toyrobot/generated_builtins.go:68.29,70.16 2 1
github.com/danwhitford/toyrobot/toyrobot/generated_builtins.go:70.16,72.3 1 0
github.com/danwhitford/toyrobot/toyrobot/generated_builtins.go:73.2,74.16 2 1
github.com/danwhitford/toyrobot/toyrobot/generated_builtins.go:74.16,76.3 1 0
github.com/danwhitford/toyrobot/toyrobot/generated_builtins.go:77.2,77.22 1 1
github.com/danwhitford/toyrobot/toyrobot/generated_builtins.go:77.22,79.3 1 0
github.com/danwhitford/toyrobot/toyrobot/generated_builtins.go:80.2,80.16 1 1
github.com/danwhitford/toyrobot/toyrobot/generated_builtins.go:81.13,82.88 1 1
github.com/danwhitford/toyrobot/toyrobot/generated_builtins.go:83.10,84.40 1 0
github.com/danwhitford/toyrobot/toyrobot/generated_builtins.go:86.2,86.12 1 1
github.com/danwhitford/toyrobot/toyrobot/generated_builtins.go:89.29,91.16 2 0
github.com/danwhitford/toyrobot/toyrobot/generated_builtins.go:91.16,93.3 1 0
github.com/danwhitford/toyrobot/toyrobot/generated_builtins.go:94.2,95.16 2 0
github.com/danwhitford/toyrobot/toyrobot/generated_builtins.go:95.16,97.3 1 0
github.com/danwhitford/toyrobot/toyrobot/generated_builtins.go:98.2,98.22 1 0
github.com/danwhitford/toyrobot/toyrobot/generated_builtins.go:98.22,100.3 1 0
github.com/danwhitford/toyrobot/toyrobot/generated_builtins.go:101.2,101.16 1 0
github.com/danwhitford/toyrobot/toyrobot/generated_builtins.go:102.13,103.88 1 0
github.com/danwhitford/toyrobot/toyrobot/generated_builtins.go:104.10,105.40 1 0
github.com/danwhitford/toyrobot/toyrobot/generated_builtins.go:107.2,107.12 1 0
github.com/danwhitford/toyrobot/toyrobot/generated_builtins.go:110.28,112.16 2 1
github.com/danwhitford/toyrobot/toyrobot/generated_builtins.go:112.16,114.3 1 0
github.com/danwhitford/toyrobot/toyrobot/generated_builtins.go:115.2,116.16 2 1
github.com/danwhitford/toyrobot/toyrobot/generated_builtins.go:116.16,118.3 1 0
github.com/danwhitford/toyrobot/toyrobot/generated_builtins.go:119.2,119.22 1 1
github.com/danwhitford/toyrobot/toyrobot/generated_builtins.go:119.22,121.3 1 0
github.com/danwhitford/toyrobot/toyrobot/generated_builtins.go:122.2,122.16 1 1
github.com/danwhitford/toyrobot/toyrobot/generated_builtins.go:123.13,124.90 1 1
github.com/danwhitford/toyrobot/toyrobot/generated_builtins.go:125.10,126.40 1 0
github.com/danwhitford/toyrobot/toyrobot/generated_builtins.go:128.2,128.12 1 1
github.com/danwhitford/toyrobot/toyrobot/generated_builtins.go:131.29,133.16 2 0
github.com/danwhitford/toyrobot/toyrobot/generated_builtins.go:133.16,135.3 1 0
github.com/danwhitford/toyrobot/toyrobot/generated_builtins.go:136.2,137.16 2 0
github.com/danwhitford/toyrobot/toyrobot/generated_builtins.go:137.16,139.3 1 0
github.com/danwhitford/toyrobot/toyrobot/generated_builtins.go:140.2,140.22 1 0
github.com/danwhitford/toyrobot/toyrobot/generated_builtins.go:140.22,142.3 1 0
github.com/danwhitford/toyrobot/toyrobot/generated_builtins.go:143.2,143.16 1 0
github.com/danwhitford/toyrobot/toyrobot/generated_builtins.go:144.13,145.90 1 0
github.com/danwhitford/toyrobot/toyrobot/generated_builtins.go:146.10,147.40 1 0
github.com/danwhitford/toyrobot/toyrobot/generated_builtins.go:149.2,149.12 1 0
github.com/danwhitford/toyrobot/toyrobot/generated_builtins.go:152.28,154.16 2 1
github.com/danwhitford/toyrobot/toyrobot/generated_builtins.go:154.16,156.3 1 0
github.com/danwhitford/toyrobot/toyrobot/generated_builtins.go:157.2,158.16 2 1
github.com/danwhitford/toyrobot/toyrobot/generated_builtins.go:158.16,160.3 1 0
github.com/danwhitford/toyrobot/toyrobot/generated_builtins.go:161.2,161.22 1 1
github.com/danwhitford/toyrobot/toyrobot/generated_builtins.go:161.22,163.3 1 0
github.com/danwhitford/toyrobot/toyrobot/generated_builtins.go:164.2,164.16 1 1
github.com/danwhitford/toyrobot/toyrobot/generated_builtins.go:165.13,166.89 1 1
github.com/danwhitford/toyrobot/toyrobot/generated_builtins.go:167.10,168.40 1 0
github.com/danwhitford/toyrobot/toyrobot/generated_builtins.go:170.2,170.12 1 1
github.com/danwhitford/toyrobot/toyrobot/generated_builtins.go:173.28,175.16 2 1
github.com/danwhitford/toyrobot/toyrobot/generated_builtins.go:175.16,177.3 1 0
github.com/danwhitford/toyrobot/toyrobot/generated_builtins.go:178.2,179.16 2 1
github.com/danwhitford/toyrobot/toyrobot/generated_builtins.go:179.16,181.3 1 0
github.com/danwhitford/toyrobot/toyrobot/generated_builtins.go:182.2,182.22 1 1
github.com/danwhitford/toyrobot/toyrobot/generated_builtins.go:182.22,184.3 1 0
github.com/danwhitford/toyrobot/toyrobot/generated_builtins.go:185.2,185.16 1 1
github.com/danwhitford/toyrobot/toyrobot/generated_builtins.go:186.13,187.89 1 1
github.com/danwhitford/toyrobot/toyrobot/generated_builtins.go:188.10,189.40 1 0
github.com/danwhitford/toyrobot/toyrobot/generated_builtins.go:191.2,191.12 1 1
github.com/danwhitford/toyrobot/toyrobot/generated_builtins.go:194.29,196.16 2 0
github.com/danwhitford/toyrobot/toyrobot/generated_builtins.go:196.16,198.3 1 0
github.com/danwhitford/toyrobot/toyrobot/generated_builtins.go:199.2,200.16 2 0
github.com/danwhitford/toyrobot/toyrobot/generated_builtins.go:200.16,202.3 1 0
github.com/danwhitford/toyrobot/toyrobot/generated_builtins.go:203.2,203.22 1 0
github.com/danwhitford/toyrobot/toyrobot/generated_builtins.go:203.22,205.3 1 0
github.com/danwhitford/toyrobot/toyrobot/generated_builtins.go:206.2,206.16 1 0
github.com/danwhitford/toyrobot/toyrobot/generated_builtins.go:207.13,208.90 1 0
github.com/danwhitford/toyrobot/toyrobot/generated_builtins.go:209.10,210.40 1 0
github.com/danwhitford/toyrobot/toyrobot/generated_builtins.go:212.2,212.12 1 0
github.com/danwhitford/toyrobot/toyrobot/generated_builtins.go:215.29,217.16 2 0
github.com/danwhitford/toyrobot/toyrobot/generated_builtins.go:217.16,219.3 1 0
github.com/danwhitford/toyrobot/toyrobot/generated_builtins.go:220.2,221.16 2 0
github.com/danwhitford/toyrobot/toyrobot/generated_builtins.go:221.16,223.3 1 0
github.com/danwhitford/toyrobot/toyrobot/generated_builtins.go:224.2,224.22 1 0
github.com/danwhitford/toyrobot/toyrobot/generated_builtins.go:224.22,226.3 1 0
github.com/danwhitford/toyrobot/toyrobot/generated_builtins.go:227.2,227.16 1 0
github.com/danwhitford/toyrobot/toyrobot/generated_builtins.go:228.13,229.90 1 0
github.com/danwhitford/toyrobot/toyrobot/generated_builtins.go:230.10,231.40 1 0
github.com/danwhitford/toyrobot/toyrobot/generated_builtins.go:233.2,233.12 1 0
github.com/danwhitford/toyrobot/toyrobot/instruction_string.go:19.38,20.49 1 0
github.com/danwhitford/toyrobot/toyrobot/instruction_string.go:20.49,22.3 1 0
github.com/danwhitford/toyrobot/toyrobot/instruction_string.go:23.2,23.73 1 0
github.com/danwhitford/toyrobot/toyrobot/robottype_string.go:20.36,21.45 1 0
github.com/danwhitford/toyrobot/toyrobot/robottype_string.go:21.45,23.3 1 0
github.com/danwhitford/toyrobot/toyrobot/robottype_string.go:24.2,24.67 1 0
github.com/danwhitford/toyrobot/toyrobot/tokeniser.go:32.66,37.24 3 1
github.com/danwhitford/toyrobot/toyrobot/tokeniser.go:37.24,39.17 2 1
github.com/danwhitford/toyrobot/toyrobot/tokeniser.go:39.17,41.4 1 0
github.com/danwhitford/toyrobot/toyrobot/tokeniser.go:42.3,42.10 1 1
github.com/danwhitford/toyrobot/toyrobot/tokeniser.go:43.37,45.18 2 1
github.com/danwhitford/toyrobot/toyrobot/tokeniser.go:45.18,47.5 1 0
github.com/danwhitford/toyrobot/toyrobot/tokeniser.go:48.4,48.34 1 1
github.com/danwhitford/toyrobot/toyrobot/tokeniser.go:49.27,50.49 1 1
github.com/danwhitford/toyrobot/toyrobot/tokeniser.go:50.49,52.19 2 1
github.com/danwhitford/toyrobot/toyrobot/tokeniser.go:52.19,54.6 1 0
github.com/danwhitford/toyrobot/toyrobot/tokeniser.go:56.37,58.18 2 1
github.com/danwhitford/toyrobot/toyrobot/tokeniser.go:58.18,60.5 1 0
github.com/danwhitford/toyrobot/toyrobot/tokeniser.go:61.4,61.34 1 1
github.com/danwhitford/toyrobot/toyrobot/tokeniser.go:62.37,63.21 1 0
github.com/danwhitford/toyrobot/toyrobot/tokeniser.go:64.11,65.87 1 0
github.com/danwhitford/toyrobot/toyrobot/tokeniser.go:69.2,69.20 1 1
github.com/danwhitford/toyrobot/toyrobot/tokeniser.go:72.58,74.16 2 1
github.com/danwhitford/toyrobot/toyrobot/tokeniser.go:74.16,76.3 1 0
github.com/danwhitford/toyrobot/toyrobot/tokeniser.go:77.2,78.16 2 1
github.com/danwhitford/toyrobot/toyrobot/tokeniser.go:78.16,80.3 1 0
github.com/danwhitford/toyrobot/toyrobot/tokeniser.go:81.2,81.70 1 1
github.com/danwhitford/toyrobot/toyrobot/tokeniser.go:84.57,86.16 2 1
github.com/danwhitford/toyrobot/toyrobot/tokeniser.go:86.16,88.3 1 0
github.com/danwhitford/toyrobot/toyrobot/tokeniser.go:89.2,89.33 1 1
github.com/danwhitford/toyrobot/toyrobot/tokeniser.go:90.15,91.73 1 1
github.com/danwhitford/toyrobot/toyrobot/tokeniser.go:92.14,93.72 1 1
github.com/danwhitford/toyrobot/toyrobot/tokeniser.go:94.15,95.73 1 1
github.com/danwhitford/toyrobot/toyrobot/tokeniser.go:96.14,97.72 1 1
github.com/danwhitford/toyrobot/toyrobot/tokeniser.go:98.14,99.67 1 0
github.com/danwhitford/toyrobot/toyrobot/tokeniser.go:100.15,101.68 1 0
github.com/danwhitford/toyrobot/toyrobot/tokeniser.go:102.10,103.86 1 1
github.com/danwhitford/toyrobot/toyrobot/tokeniser.go:107.54,109.24 2 1
github.com/danwhitford/toyrobot/toyrobot/tokeniser.go:109.24,111.17 2 1
github.com/danwhitford/toyrobot/toyrobot/tokeniser.go:111.17,113.4 1 0
github.com/danwhitford/toyrobot/toyrobot/tokeniser.go:114.3,115.36 2 1
github.com/danwhitford/toyrobot/toyrobot/tokeniser.go:115.36,117.4 1 1
github.com/danwhitford/toyrobot/toyrobot/tokeniser.go:117.9,118.9 1 1
github.com/danwhitford/toyrobot/toyrobot/tokeniser.go:121.2,121.20 1 1
github.com/danwhitford/toyrobot/toyrobot/tokentype_string.go:20.36,21.45 1 0
github.com/danwhitford/toyrobot/toyrobot/tokentype_string.go:21.45,23.3 1 0
github.com/danwhitford/toyrobot/toyrobot/tokentype_string.go:24.2,24.67 1 0
github.com/danwhitford/toyrobot/toyrobot/toyrobot.go:35.24,49.2 5 1
github.com/danwhitford/toyrobot/toyrobot/toyrobot.go:51.41,52.31 1 1
github.com/danwhitford/toyrobot/toyrobot/toyrobot.go:52.31,54.17 2 1
github.com/danwhitford/toyrobot/toyrobot/toyrobot.go:54.17,56.4 1 0
github.com/danwhitford/toyrobot/toyrobot/toyrobot.go:57.3,57.29 1 1
github.com/danwhitford/toyrobot/toyrobot/toyrobot.go:58.26,60.18 2 1
github.com/danwhitford/toyrobot/toyrobot/toyrobot.go:60.18,62.5 1 0
github.com/danwhitford/toyrobot/toyrobot/toyrobot.go:63.4,64.13 2 1
github.com/danwhitford/toyrobot/toyrobot/toyrobot.go:65.15,67.19 2 1
github.com/danwhitford/toyrobot/toyrobot/toyrobot.go:67.19,69.6 1 0
github.com/danwhitford/toyrobot/toyrobot/toyrobot.go:70.5,71.58 2 1
github.com/danwhitford/toyrobot/toyrobot/toyrobot.go:72.21,74.19 2 1
github.com/danwhitford/toyrobot/toyrobot/toyrobot.go:74.19,76.6 1 0
github.com/danwhitford/toyrobot/toyrobot/toyrobot.go:77.5,78.58 2 1
github.com/danwhitford/toyrobot/toyrobot/toyrobot.go:79.16,81.19 2 0
github.com/danwhitford/toyrobot/toyrobot/toyrobot.go:81.19,83.6 1 0
github.com/danwhitford/toyrobot/toyrobot/toyrobot.go:84.5,85.58 2 0
github.com/danwhitford/toyrobot/toyrobot/toyrobot.go:86.12,87.44 1 0
github.com/danwhitford/toyrobot/toyrobot/toyrobot.go:89.27,92.18 3 1
github.com/danwhitford/toyrobot/toyrobot/toyrobot.go:92.18,94.5 1 0
github.com/danwhitford/toyrobot/toyrobot/toyrobot.go:95.4,95.15 1 1
github.com/danwhitford/toyrobot/toyrobot/toyrobot.go:95.15,98.19 3 1
github.com/danwhitford/toyrobot/toyrobot/toyrobot.go:98.19,100.6 1 0
github.com/danwhitford/toyrobot/toyrobot/toyrobot.go:102.4,104.11 3 1
github.com/danwhitford/toyrobot/toyrobot/toyrobot.go:104.11,106.5 1 1
github.com/danwhitford/toyrobot/toyrobot/toyrobot.go:107.4,108.18 2 1
github.com/danwhitford/toyrobot/toyrobot/toyrobot.go:108.18,110.5 1 0
github.com/danwhitford/toyrobot/toyrobot/toyrobot.go:111.11,112.67 1 0
github.com/danwhitford/toyrobot/toyrobot/toyrobot.go:115.2,115.12 1 1
github.com/danwhitford/toyrobot/toyrobot/toyrobot.go:118.54,120.16 2 1
github.com/danwhitford/toyrobot/toyrobot/toyrobot.go:120.16,122.3 1 0
github.com/danwhitford/toyrobot/toyrobot/toyrobot.go:123.2,124.16 2 1
github.com/danwhitford/toyrobot/toyrobot/toyrobot.go:124.16,126.3 1 0
github.com/danwhitford/toyrobot/toyrobot/toyrobot.go:127.2,128.28 2 1
