mode: set
github.com/danwhitford/toyrobot/toyrobot/builtins.go:10.27,44.2 26 1
github.com/danwhitford/toyrobot/toyrobot/builtins.go:46.29,48.16 2 1
github.com/danwhitford/toyrobot/toyrobot/builtins.go:48.16,50.3 1 0
github.com/danwhitford/toyrobot/toyrobot/builtins.go:51.2,52.16 2 1
github.com/danwhitford/toyrobot/toyrobot/builtins.go:52.16,54.3 1 0
github.com/danwhitford/toyrobot/toyrobot/builtins.go:55.2,56.16 2 1
github.com/danwhitford/toyrobot/toyrobot/builtins.go:56.16,58.3 1 0
github.com/danwhitford/toyrobot/toyrobot/builtins.go:59.2,62.12 4 1
github.com/danwhitford/toyrobot/toyrobot/builtins.go:65.30,67.16 2 1
github.com/danwhitford/toyrobot/toyrobot/builtins.go:67.16,69.3 1 0
github.com/danwhitford/toyrobot/toyrobot/builtins.go:70.2,71.16 2 1
github.com/danwhitford/toyrobot/toyrobot/builtins.go:71.16,73.3 1 0
github.com/danwhitford/toyrobot/toyrobot/builtins.go:74.2,77.12 4 1
github.com/danwhitford/toyrobot/toyrobot/builtins.go:80.30,82.16 2 1
github.com/danwhitford/toyrobot/toyrobot/builtins.go:82.16,84.3 1 0
github.com/danwhitford/toyrobot/toyrobot/builtins.go:85.2,86.16 2 1
github.com/danwhitford/toyrobot/toyrobot/builtins.go:86.16,88.3 1 0
github.com/danwhitford/toyrobot/toyrobot/builtins.go:89.2,91.12 3 1
github.com/danwhitford/toyrobot/toyrobot/builtins.go:94.29,96.16 2 1
github.com/danwhitford/toyrobot/toyrobot/builtins.go:96.16,98.3 1 0
github.com/danwhitford/toyrobot/toyrobot/builtins.go:99.2,101.12 3 1
github.com/danwhitford/toyrobot/toyrobot/builtins.go:104.30,107.2 2 1
github.com/danwhitford/toyrobot/toyrobot/builtins.go:109.31,112.2 2 1
github.com/danwhitford/toyrobot/toyrobot/builtins.go:114.28,117.2 2 1
github.com/danwhitford/toyrobot/toyrobot/builtins.go:119.27,120.34 1 1
github.com/danwhitford/toyrobot/toyrobot/builtins.go:120.34,122.3 1 0
github.com/danwhitford/toyrobot/toyrobot/builtins.go:124.2,124.40 1 1
github.com/danwhitford/toyrobot/toyrobot/builtins.go:124.40,126.3 1 1
github.com/danwhitford/toyrobot/toyrobot/builtins.go:127.2,127.12 1 1
github.com/danwhitford/toyrobot/toyrobot/builtins.go:130.29,132.16 2 1
github.com/danwhitford/toyrobot/toyrobot/builtins.go:132.16,134.3 1 0
github.com/danwhitford/toyrobot/toyrobot/builtins.go:135.2,136.12 2 1
github.com/danwhitford/toyrobot/toyrobot/builtins.go:139.36,142.26 3 1
github.com/danwhitford/toyrobot/toyrobot/builtins.go:142.26,144.20 2 1
github.com/danwhitford/toyrobot/toyrobot/builtins.go:144.20,146.4 1 1
github.com/danwhitford/toyrobot/toyrobot/builtins.go:147.3,147.27 1 1
github.com/danwhitford/toyrobot/toyrobot/builtins.go:147.27,148.15 1 1
github.com/danwhitford/toyrobot/toyrobot/builtins.go:149.15,150.17 1 1
github.com/danwhitford/toyrobot/toyrobot/builtins.go:151.14,152.17 1 1
github.com/danwhitford/toyrobot/toyrobot/builtins.go:153.15,154.17 1 1
github.com/danwhitford/toyrobot/toyrobot/builtins.go:155.14,156.17 1 1
github.com/danwhitford/toyrobot/toyrobot/builtins.go:159.3,160.36 2 1
github.com/danwhitford/toyrobot/toyrobot/builtins.go:162.2,163.12 2 1
github.com/danwhitford/toyrobot/toyrobot/builtins.go:166.31,168.16 2 1
github.com/danwhitford/toyrobot/toyrobot/builtins.go:168.16,170.3 1 0
github.com/danwhitford/toyrobot/toyrobot/builtins.go:171.2,172.16 2 1
github.com/danwhitford/toyrobot/toyrobot/builtins.go:172.16,174.3 1 0
github.com/danwhitford/toyrobot/toyrobot/builtins.go:175.2,176.16 2 1
github.com/danwhitford/toyrobot/toyrobot/builtins.go:176.16,178.3 1 0
github.com/danwhitford/toyrobot/toyrobot/builtins.go:180.2,181.9 2 1
github.com/danwhitford/toyrobot/toyrobot/builtins.go:181.9,183.3 1 0
github.com/danwhitford/toyrobot/toyrobot/builtins.go:184.2,185.9 2 1
github.com/danwhitford/toyrobot/toyrobot/builtins.go:185.9,187.3 1 0
github.com/danwhitford/toyrobot/toyrobot/builtins.go:188.2,189.9 2 1
github.com/danwhitford/toyrobot/toyrobot/builtins.go:189.9,191.3 1 0
github.com/danwhitford/toyrobot/toyrobot/builtins.go:193.2,193.38 1 1
github.com/danwhitford/toyrobot/toyrobot/builtins.go:193.38,195.3 1 1
github.com/danwhitford/toyrobot/toyrobot/builtins.go:196.2,196.27 1 1
github.com/danwhitford/toyrobot/toyrobot/builtins.go:196.27,198.3 1 0
github.com/danwhitford/toyrobot/toyrobot/builtins.go:200.2,204.12 5 1
github.com/danwhitford/toyrobot/toyrobot/builtins.go:207.30,208.15 1 1
github.com/danwhitford/toyrobot/toyrobot/builtins.go:208.15,210.3 1 0
github.com/danwhitford/toyrobot/toyrobot/builtins.go:212.2,212.13 1 1
github.com/danwhitford/toyrobot/toyrobot/builtins.go:213.13,214.14 1 1
github.com/danwhitford/toyrobot/toyrobot/builtins.go:214.14,216.4 1 1
github.com/danwhitford/toyrobot/toyrobot/builtins.go:217.12,218.14 1 1
github.com/danwhitford/toyrobot/toyrobot/builtins.go:218.14,220.4 1 1
github.com/danwhitford/toyrobot/toyrobot/builtins.go:221.13,222.14 1 1
github.com/danwhitford/toyrobot/toyrobot/builtins.go:222.14,224.4 1 1
github.com/danwhitford/toyrobot/toyrobot/builtins.go:225.12,226.14 1 1
github.com/danwhitford/toyrobot/toyrobot/builtins.go:226.14,228.4 1 1
github.com/danwhitford/toyrobot/toyrobot/builtins.go:230.2,230.12 1 1
github.com/danwhitford/toyrobot/toyrobot/builtins.go:234.30,235.15 1 1
github.com/danwhitford/toyrobot/toyrobot/builtins.go:235.15,237.3 1 0
github.com/danwhitford/toyrobot/toyrobot/builtins.go:238.2,238.13 1 1
github.com/danwhitford/toyrobot/toyrobot/builtins.go:239.13,240.13 1 1
github.com/danwhitford/toyrobot/toyrobot/builtins.go:241.12,242.14 1 1
github.com/danwhitford/toyrobot/toyrobot/builtins.go:243.13,244.13 1 1
github.com/danwhitford/toyrobot/toyrobot/builtins.go:245.12,246.14 1 1
github.com/danwhitford/toyrobot/toyrobot/builtins.go:248.2,248.12 1 1
github.com/danwhitford/toyrobot/toyrobot/builtins.go:252.31,253.15 1 1
github.com/danwhitford/toyrobot/toyrobot/builtins.go:253.15,255.3 1 0
github.com/danwhitford/toyrobot/toyrobot/builtins.go:256.2,256.13 1 1
github.com/danwhitford/toyrobot/toyrobot/builtins.go:257.13,258.13 1 1
github.com/danwhitford/toyrobot/toyrobot/builtins.go:259.12,260.14 1 1
github.com/danwhitford/toyrobot/toyrobot/builtins.go:261.13,262.13 1 1
github.com/danwhitford/toyrobot/toyrobot/builtins.go:263.12,264.14 1 1
github.com/danwhitford/toyrobot/toyrobot/builtins.go:266.2,266.12 1 1
github.com/danwhitford/toyrobot/toyrobot/builtins.go:270.32,271.15 1 1
github.com/danwhitford/toyrobot/toyrobot/builtins.go:271.15,274.3 2 1
github.com/danwhitford/toyrobot/toyrobot/builtins.go:275.2,276.12 2 1
github.com/danwhitford/toyrobot/toyrobot/compiler.go:29.64,33.25 3 1
github.com/danwhitford/toyrobot/toyrobot/compiler.go:33.25,35.17 2 1
github.com/danwhitford/toyrobot/toyrobot/compiler.go:35.17,37.4 1 0
github.com/danwhitford/toyrobot/toyrobot/compiler.go:38.3,38.21 1 1
github.com/danwhitford/toyrobot/toyrobot/compiler.go:39.21,45.5 1 1
github.com/danwhitford/toyrobot/toyrobot/compiler.go:46.24,52.5 1 1
github.com/danwhitford/toyrobot/toyrobot/compiler.go:53.19,55.11 2 1
github.com/danwhitford/toyrobot/toyrobot/compiler.go:55.11,57.5 1 0
github.com/danwhitford/toyrobot/toyrobot/compiler.go:58.4,66.5 3 1
github.com/danwhitford/toyrobot/toyrobot/compiler.go:67.11,68.61 1 0
github.com/danwhitford/toyrobot/toyrobot/compiler.go:72.2,72.26 1 1
github.com/danwhitford/toyrobot/toyrobot/direction_string.go:21.36,22.45 1 1
github.com/danwhitford/toyrobot/toyrobot/direction_string.go:22.45,24.3 1 0
github.com/danwhitford/toyrobot/toyrobot/direction_string.go:25.2,25.67 1 1
github.com/danwhitford/toyrobot/toyrobot/generated_builtins.go:6.29,8.16 2 1
github.com/danwhitford/toyrobot/toyrobot/generated_builtins.go:8.16,10.3 1 0
github.com/danwhitford/toyrobot/toyrobot/generated_builtins.go:11.2,12.16 2 1
github.com/danwhitford/toyrobot/toyrobot/generated_builtins.go:12.16,14.3 1 0
github.com/danwhitford/toyrobot/toyrobot/generated_builtins.go:15.2,15.22 1 1
github.com/danwhitford/toyrobot/toyrobot/generated_builtins.go:15.22,17.3 1 0
github.com/danwhitford/toyrobot/toyrobot/generated_builtins.go:18.2,18.16 1 1
github.com/danwhitford/toyrobot/toyrobot/generated_builtins.go:19.13,20.88 1 1
github.com/danwhitford/toyrobot/toyrobot/generated_builtins.go:21.10,22.40 1 0
github.com/danwhitford/toyrobot/toyrobot/generated_builtins.go:24.2,24.12 1 1
github.com/danwhitford/toyrobot/toyrobot/generated_builtins.go:27.29,29.16 2 1
github.com/danwhitford/toyrobot/toyrobot/generated_builtins.go:29.16,31.3 1 0
github.com/danwhitford/toyrobot/toyrobot/generated_builtins.go:32.2,33.16 2 1
github.com/danwhitford/toyrobot/toyrobot/generated_builtins.go:33.16,35.3 1 0
github.com/danwhitford/toyrobot/toyrobot/generated_builtins.go:36.2,36.22 1 1
github.com/danwhitford/toyrobot/toyrobot/generated_builtins.go:36.22,38.3 1 0
github.com/danwhitford/toyrobot/toyrobot/generated_builtins.go:39.2,39.16 1 1
github.com/danwhitford/toyrobot/toyrobot/generated_builtins.go:40.13,41.88 1 1
github.com/danwhitford/toyrobot/toyrobot/generated_builtins.go:42.10,43.40 1 0
github.com/danwhitford/toyrobot/toyrobot/generated_builtins.go:45.2,45.12 1 1
github.com/danwhitford/toyrobot/toyrobot/generated_builtins.go:48.29,50.16 2 1
github.com/danwhitford/toyrobot/toyrobot/generated_builtins.go:50.16,52.3 1 0
github.com/danwhitford/toyrobot/toyrobot/generated_builtins.go:53.2,54.16 2 1
github.com/danwhitford/toyrobot/toyrobot/generated_builtins.go:54.16,56.3 1 0
github.com/danwhitford/toyrobot/toyrobot/generated_builtins.go:57.2,57.22 1 1
github.com/danwhitford/toyrobot/toyrobot/generated_builtins.go:57.22,59.3 1 0
github.com/danwhitford/toyrobot/toyrobot/generated_builtins.go:60.2,60.16 1 1
github.com/danwhitford/toyrobot/toyrobot/generated_builtins.go:61.13,62.88 1 1
github.com/danwhitford/toyrobot/toyrobot/generated_builtins.go:63.10,64.40 1 0
github.com/danwhitford/toyrobot/toyrobot/generated_builtins.go:66.2,66.12 1 1
github.com/danwhitford/toyrobot/toyrobot/generated_builtins.go:69.29,71.16 2 1
github.com/danwhitford/toyrobot/toyrobot/generated_builtins.go:71.16,73.3 1 0
github.com/danwhitford/toyrobot/toyrobot/generated_builtins.go:74.2,75.16 2 1
github.com/danwhitford/toyrobot/toyrobot/generated_builtins.go:75.16,77.3 1 0
github.com/danwhitford/toyrobot/toyrobot/generated_builtins.go:78.2,78.22 1 1
github.com/danwhitford/toyrobot/toyrobot/generated_builtins.go:78.22,80.3 1 0
github.com/danwhitford/toyrobot/toyrobot/generated_builtins.go:81.2,81.16 1 1
github.com/danwhitford/toyrobot/toyrobot/generated_builtins.go:82.13,83.88 1 1
github.com/danwhitford/toyrobot/toyrobot/generated_builtins.go:84.10,85.40 1 0
github.com/danwhitford/toyrobot/toyrobot/generated_builtins.go:87.2,87.12 1 1
github.com/danwhitford/toyrobot/toyrobot/generated_builtins.go:90.29,92.16 2 0
github.com/danwhitford/toyrobot/toyrobot/generated_builtins.go:92.16,94.3 1 0
github.com/danwhitford/toyrobot/toyrobot/generated_builtins.go:95.2,96.16 2 0
github.com/danwhitford/toyrobot/toyrobot/generated_builtins.go:96.16,98.3 1 0
github.com/danwhitford/toyrobot/toyrobot/generated_builtins.go:99.2,99.22 1 0
github.com/danwhitford/toyrobot/toyrobot/generated_builtins.go:99.22,101.3 1 0
github.com/danwhitford/toyrobot/toyrobot/generated_builtins.go:102.2,102.16 1 0
github.com/danwhitford/toyrobot/toyrobot/generated_builtins.go:103.13,104.88 1 0
github.com/danwhitford/toyrobot/toyrobot/generated_builtins.go:105.10,106.40 1 0
github.com/danwhitford/toyrobot/toyrobot/generated_builtins.go:108.2,108.12 1 0
github.com/danwhitford/toyrobot/toyrobot/generated_builtins.go:111.28,113.16 2 1
github.com/danwhitford/toyrobot/toyrobot/generated_builtins.go:113.16,115.3 1 0
github.com/danwhitford/toyrobot/toyrobot/generated_builtins.go:116.2,117.16 2 1
github.com/danwhitford/toyrobot/toyrobot/generated_builtins.go:117.16,119.3 1 0
github.com/danwhitford/toyrobot/toyrobot/generated_builtins.go:120.2,120.22 1 1
github.com/danwhitford/toyrobot/toyrobot/generated_builtins.go:120.22,122.3 1 0
github.com/danwhitford/toyrobot/toyrobot/generated_builtins.go:123.2,123.16 1 1
github.com/danwhitford/toyrobot/toyrobot/generated_builtins.go:124.13,125.90 1 1
github.com/danwhitford/toyrobot/toyrobot/generated_builtins.go:126.10,127.40 1 0
github.com/danwhitford/toyrobot/toyrobot/generated_builtins.go:129.2,129.12 1 1
github.com/danwhitford/toyrobot/toyrobot/generated_builtins.go:132.29,134.16 2 0
github.com/danwhitford/toyrobot/toyrobot/generated_builtins.go:134.16,136.3 1 0
github.com/danwhitford/toyrobot/toyrobot/generated_builtins.go:137.2,138.16 2 0
github.com/danwhitford/toyrobot/toyrobot/generated_builtins.go:138.16,140.3 1 0
github.com/danwhitford/toyrobot/toyrobot/generated_builtins.go:141.2,141.22 1 0
github.com/danwhitford/toyrobot/toyrobot/generated_builtins.go:141.22,143.3 1 0
github.com/danwhitford/toyrobot/toyrobot/generated_builtins.go:144.2,144.16 1 0
github.com/danwhitford/toyrobot/toyrobot/generated_builtins.go:145.13,146.90 1 0
github.com/danwhitford/toyrobot/toyrobot/generated_builtins.go:147.10,148.40 1 0
github.com/danwhitford/toyrobot/toyrobot/generated_builtins.go:150.2,150.12 1 0
github.com/danwhitford/toyrobot/toyrobot/generated_builtins.go:153.28,155.16 2 1
github.com/danwhitford/toyrobot/toyrobot/generated_builtins.go:155.16,157.3 1 0
github.com/danwhitford/toyrobot/toyrobot/generated_builtins.go:158.2,159.16 2 1
github.com/danwhitford/toyrobot/toyrobot/generated_builtins.go:159.16,161.3 1 0
github.com/danwhitford/toyrobot/toyrobot/generated_builtins.go:162.2,162.22 1 1
github.com/danwhitford/toyrobot/toyrobot/generated_builtins.go:162.22,164.3 1 0
github.com/danwhitford/toyrobot/toyrobot/generated_builtins.go:165.2,165.16 1 1
github.com/danwhitford/toyrobot/toyrobot/generated_builtins.go:166.13,167.89 1 1
github.com/danwhitford/toyrobot/toyrobot/generated_builtins.go:168.10,169.40 1 0
github.com/danwhitford/toyrobot/toyrobot/generated_builtins.go:171.2,171.12 1 1
github.com/danwhitford/toyrobot/toyrobot/generated_builtins.go:174.28,176.16 2 1
github.com/danwhitford/toyrobot/toyrobot/generated_builtins.go:176.16,178.3 1 0
github.com/danwhitford/toyrobot/toyrobot/generated_builtins.go:179.2,180.16 2 1
github.com/danwhitford/toyrobot/toyrobot/generated_builtins.go:180.16,182.3 1 0
github.com/danwhitford/toyrobot/toyrobot/generated_builtins.go:183.2,183.22 1 1
github.com/danwhitford/toyrobot/toyrobot/generated_builtins.go:183.22,185.3 1 0
github.com/danwhitford/toyrobot/toyrobot/generated_builtins.go:186.2,186.16 1 1
github.com/danwhitford/toyrobot/toyrobot/generated_builtins.go:187.13,188.89 1 1
github.com/danwhitford/toyrobot/toyrobot/generated_builtins.go:189.10,190.40 1 0
github.com/danwhitford/toyrobot/toyrobot/generated_builtins.go:192.2,192.12 1 1
github.com/danwhitford/toyrobot/toyrobot/generated_builtins.go:195.29,197.16 2 0
github.com/danwhitford/toyrobot/toyrobot/generated_builtins.go:197.16,199.3 1 0
github.com/danwhitford/toyrobot/toyrobot/generated_builtins.go:200.2,201.16 2 0
github.com/danwhitford/toyrobot/toyrobot/generated_builtins.go:201.16,203.3 1 0
github.com/danwhitford/toyrobot/toyrobot/generated_builtins.go:204.2,204.22 1 0
github.com/danwhitford/toyrobot/toyrobot/generated_builtins.go:204.22,206.3 1 0
github.com/danwhitford/toyrobot/toyrobot/generated_builtins.go:207.2,207.16 1 0
github.com/danwhitford/toyrobot/toyrobot/generated_builtins.go:208.13,209.90 1 0
github.com/danwhitford/toyrobot/toyrobot/generated_builtins.go:210.10,211.40 1 0
github.com/danwhitford/toyrobot/toyrobot/generated_builtins.go:213.2,213.12 1 0
github.com/danwhitford/toyrobot/toyrobot/generated_builtins.go:216.29,218.16 2 0
github.com/danwhitford/toyrobot/toyrobot/generated_builtins.go:218.16,220.3 1 0
github.com/danwhitford/toyrobot/toyrobot/generated_builtins.go:221.2,222.16 2 0
github.com/danwhitford/toyrobot/toyrobot/generated_builtins.go:222.16,224.3 1 0
github.com/danwhitford/toyrobot/toyrobot/generated_builtins.go:225.2,225.22 1 0
github.com/danwhitford/toyrobot/toyrobot/generated_builtins.go:225.22,227.3 1 0
github.com/danwhitford/toyrobot/toyrobot/generated_builtins.go:228.2,228.16 1 0
github.com/danwhitford/toyrobot/toyrobot/generated_builtins.go:229.13,230.90 1 0
github.com/danwhitford/toyrobot/toyrobot/generated_builtins.go:231.10,232.40 1 0
github.com/danwhitford/toyrobot/toyrobot/generated_builtins.go:234.2,234.12 1 0
github.com/danwhitford/toyrobot/toyrobot/instruction_string.go:19.38,20.49 1 0
github.com/danwhitford/toyrobot/toyrobot/instruction_string.go:20.49,22.3 1 0
github.com/danwhitford/toyrobot/toyrobot/instruction_string.go:23.2,23.73 1 0
github.com/danwhitford/toyrobot/toyrobot/robottype_string.go:20.36,21.45 1 0
github.com/danwhitford/toyrobot/toyrobot/robottype_string.go:21.45,23.3 1 0
github.com/danwhitford/toyrobot/toyrobot/robottype_string.go:24.2,24.67 1 0
github.com/danwhitford/toyrobot/toyrobot/tokeniser.go:31.66,36.24 3 1
github.com/danwhitford/toyrobot/toyrobot/tokeniser.go:36.24,38.17 2 1
github.com/danwhitford/toyrobot/toyrobot/tokeniser.go:38.17,40.4 1 0
github.com/danwhitford/toyrobot/toyrobot/tokeniser.go:41.3,41.10 1 1
github.com/danwhitford/toyrobot/toyrobot/tokeniser.go:42.37,44.18 2 1
github.com/danwhitford/toyrobot/toyrobot/tokeniser.go:44.18,46.5 1 0
github.com/danwhitford/toyrobot/toyrobot/tokeniser.go:47.4,47.34 1 1
github.com/danwhitford/toyrobot/toyrobot/tokeniser.go:48.27,49.49 1 1
github.com/danwhitford/toyrobot/toyrobot/tokeniser.go:49.49,51.19 2 1
github.com/danwhitford/toyrobot/toyrobot/tokeniser.go:51.19,53.6 1 0
github.com/danwhitford/toyrobot/toyrobot/tokeniser.go:55.37,57.18 2 1
github.com/danwhitford/toyrobot/toyrobot/tokeniser.go:57.18,59.5 1 0
github.com/danwhitford/toyrobot/toyrobot/tokeniser.go:60.4,60.34 1 1
github.com/danwhitford/toyrobot/toyrobot/tokeniser.go:61.37,62.21 1 0
github.com/danwhitford/toyrobot/toyrobot/tokeniser.go:63.11,64.87 1 0
github.com/danwhitford/toyrobot/toyrobot/tokeniser.go:68.2,68.20 1 1
github.com/danwhitford/toyrobot/toyrobot/tokeniser.go:71.58,73.16 2 1
github.com/danwhitford/toyrobot/toyrobot/tokeniser.go:73.16,75.3 1 0
github.com/danwhitford/toyrobot/toyrobot/tokeniser.go:76.2,77.16 2 1
github.com/danwhitford/toyrobot/toyrobot/tokeniser.go:77.16,79.3 1 0
github.com/danwhitford/toyrobot/toyrobot/tokeniser.go:80.2,80.70 1 1
github.com/danwhitford/toyrobot/toyrobot/tokeniser.go:83.57,85.16 2 1
github.com/danwhitford/toyrobot/toyrobot/tokeniser.go:85.16,87.3 1 0
github.com/danwhitford/toyrobot/toyrobot/tokeniser.go:88.2,88.33 1 1
github.com/danwhitford/toyrobot/toyrobot/tokeniser.go:89.15,90.73 1 1
github.com/danwhitford/toyrobot/toyrobot/tokeniser.go:91.14,92.72 1 1
github.com/danwhitford/toyrobot/toyrobot/tokeniser.go:93.15,94.73 1 1
github.com/danwhitford/toyrobot/toyrobot/tokeniser.go:95.14,96.72 1 1
github.com/danwhitford/toyrobot/toyrobot/tokeniser.go:97.10,98.86 1 1
github.com/danwhitford/toyrobot/toyrobot/tokeniser.go:102.54,104.24 2 1
github.com/danwhitford/toyrobot/toyrobot/tokeniser.go:104.24,106.17 2 1
github.com/danwhitford/toyrobot/toyrobot/tokeniser.go:106.17,108.4 1 0
github.com/danwhitford/toyrobot/toyrobot/tokeniser.go:109.3,110.36 2 1
github.com/danwhitford/toyrobot/toyrobot/tokeniser.go:110.36,112.4 1 1
github.com/danwhitford/toyrobot/toyrobot/tokeniser.go:112.9,113.9 1 1
github.com/danwhitford/toyrobot/toyrobot/tokeniser.go:116.2,116.20 1 1
github.com/danwhitford/toyrobot/toyrobot/tokentype_string.go:20.36,21.45 1 0
github.com/danwhitford/toyrobot/toyrobot/tokentype_string.go:21.45,23.3 1 0
github.com/danwhitford/toyrobot/toyrobot/tokentype_string.go:24.2,24.67 1 0
github.com/danwhitford/toyrobot/toyrobot/toyrobot.go:35.24,49.2 5 1
github.com/danwhitford/toyrobot/toyrobot/toyrobot.go:51.41,52.31 1 1
github.com/danwhitford/toyrobot/toyrobot/toyrobot.go:52.31,54.17 2 1
github.com/danwhitford/toyrobot/toyrobot/toyrobot.go:54.17,56.4 1 0
github.com/danwhitford/toyrobot/toyrobot/toyrobot.go:57.3,57.29 1 1
github.com/danwhitford/toyrobot/toyrobot/toyrobot.go:58.26,60.18 2 1
github.com/danwhitford/toyrobot/toyrobot/toyrobot.go:60.18,62.5 1 0
github.com/danwhitford/toyrobot/toyrobot/toyrobot.go:63.4,64.13 2 1
github.com/danwhitford/toyrobot/toyrobot/toyrobot.go:65.15,67.19 2 1
github.com/danwhitford/toyrobot/toyrobot/toyrobot.go:67.19,69.6 1 0
github.com/danwhitford/toyrobot/toyrobot/toyrobot.go:70.5,71.58 2 1
github.com/danwhitford/toyrobot/toyrobot/toyrobot.go:72.21,74.19 2 1
github.com/danwhitford/toyrobot/toyrobot/toyrobot.go:74.19,76.6 1 0
github.com/danwhitford/toyrobot/toyrobot/toyrobot.go:77.5,78.58 2 1
github.com/danwhitford/toyrobot/toyrobot/toyrobot.go:80.27,83.18 3 1
github.com/danwhitford/toyrobot/toyrobot/toyrobot.go:83.18,85.5 1 0
github.com/danwhitford/toyrobot/toyrobot/toyrobot.go:86.4,86.15 1 1
github.com/danwhitford/toyrobot/toyrobot/toyrobot.go:86.15,89.19 3 1
github.com/danwhitford/toyrobot/toyrobot/toyrobot.go:89.19,91.6 1 0
github.com/danwhitford/toyrobot/toyrobot/toyrobot.go:93.4,95.11 3 1
github.com/danwhitford/toyrobot/toyrobot/toyrobot.go:95.11,97.5 1 0
github.com/danwhitford/toyrobot/toyrobot/toyrobot.go:98.4,99.18 2 1
github.com/danwhitford/toyrobot/toyrobot/toyrobot.go:99.18,101.5 1 0
github.com/danwhitford/toyrobot/toyrobot/toyrobot.go:102.11,103.67 1 0
github.com/danwhitford/toyrobot/toyrobot/toyrobot.go:106.2,106.12 1 1
github.com/danwhitford/toyrobot/toyrobot/toyrobot.go:109.54,111.16 2 1
github.com/danwhitford/toyrobot/toyrobot/toyrobot.go:111.16,113.3 1 0
github.com/danwhitford/toyrobot/toyrobot/toyrobot.go:114.2,115.16 2 1
github.com/danwhitford/toyrobot/toyrobot/toyrobot.go:115.16,117.3 1 0
github.com/danwhitford/toyrobot/toyrobot/toyrobot.go:118.2,119.28 2 1
